<?xml version="1.0" encoding="UTF-8"?>
<!-- Generated by org.testng.reporters.JUnitXMLReporter -->
<testsuite ignored="1" hostname="DESKTOP-5T3RHQG" failures="0" tests="1" name="Default test(failed)" time="50.636" errors="0" timestamp="2021-04-09T12:42:02 IST">
  <testcase classname="com.Testpages.Signinpagetest" name="searchfan" time="5.42"/>
  <testcase classname="com.Testpages.Signinpagetest" name="signinTest" time="0.0">
    <ignored/>
  </testcase> <!-- signinTest -->
</testsuite> <!-- Default test(failed) -->
