<?xml version="1.0" encoding="UTF-8"?>
<!-- Generated by org.testng.reporters.JUnitXMLReporter -->
<testsuite ignored="1" hostname="DESKTOP-5T3RHQG" failures="0" tests="1" name="Default test" time="65.711" errors="0" timestamp="2021-04-09T12:48:24 IST">
  <testcase classname="com.Testpages.Signinpagetest" name="signinTest" time="16.346"/>
  <testcase classname="com.Testpages.Signinpagetest" name="searchfan" time="0.0">
    <ignored/>
  </testcase> <!-- searchfan -->
</testsuite> <!-- Default test -->
