<?xml version="1.0" encoding="UTF-8"?>
<testng-results ignored="1" total="2" passed="1" failed="0" skipped="0">
  <reporter-output>
  </reporter-output>
  <suite started-at="2021-04-09T12:47:17 IST" name="Default suite" finished-at="2021-04-09T12:48:23 IST" duration-ms="65711">
    <groups>
    </groups>
    <test started-at="2021-04-09T12:47:17 IST" name="Default test" finished-at="2021-04-09T12:48:23 IST" duration-ms="65711">
      <class name="com.Testpages.Signinpagetest">
        <test-method is-config="true" signature="setUp()[pri:0, instance:com.Testpages.Signinpagetest@49c386c8]" started-at="2021-04-09T12:47:17 IST" name="setUp" finished-at="2021-04-09T12:48:02 IST" duration-ms="44987" status="PASS">
          <reporter-output>
          </reporter-output>
        </test-method> <!-- setUp -->
        <test-method signature="signinTest()[pri:0, instance:com.Testpages.Signinpagetest@49c386c8]" started-at="2021-04-09T12:48:03 IST" name="signinTest" finished-at="2021-04-09T12:48:19 IST" duration-ms="16346" status="PASS">
          <reporter-output>
          </reporter-output>
        </test-method> <!-- signinTest -->
        <test-method is-config="true" signature="tearDown()[pri:0, instance:com.Testpages.Signinpagetest@49c386c8]" started-at="2021-04-09T12:48:19 IST" name="tearDown" finished-at="2021-04-09T12:48:23 IST" duration-ms="3924" status="PASS">
          <reporter-output>
          </reporter-output>
        </test-method> <!-- tearDown -->
      </class> <!-- com.Testpages.Signinpagetest -->
    </test> <!-- Default test -->
  </suite> <!-- Default suite -->
</testng-results>
